0 info it worked if it ends with ok
1 verbose cli [ 'C:\\Program Files\\nodejs\\\\node.exe',
1 verbose cli   'C:\\Program Files\\nodejs\\node_modules\\npm\\bin\\npm-cli.js',
1 verbose cli   'init' ]
2 info using npm@1.4.28
3 info using node@v0.10.32
4 verbose node symlink C:\Program Files\nodejs\\node.exe
5 verbose config Skipping project config: C:\Users\Marketing-2/.npmrc. (matches userconfig)
6 silly package data undefined
7 info init written successfully
8 error Error: Invalid version: "1"
8 error     at Object.module.exports.fixVersionField (C:\Program Files\nodejs\node_modules\npm\node_modules\read-package-json\node_modules\normalize-package-data\lib\fixer.js:183:13)
8 error     at C:\Program Files\nodejs\node_modules\npm\node_modules\read-package-json\node_modules\normalize-package-data\lib\normalize.js:30:38
8 error     at Array.forEach (native)
8 error     at normalize (C:\Program Files\nodejs\node_modules\npm\node_modules\read-package-json\node_modules\normalize-package-data\lib\normalize.js:29:15)
8 error     at final (C:\Program Files\nodejs\node_modules\npm\node_modules\read-package-json\read-json.js:342:33)
8 error     at then (C:\Program Files\nodejs\node_modules\npm\node_modules\read-package-json\read-json.js:126:33)
8 error     at C:\Program Files\nodejs\node_modules\npm\node_modules\read-package-json\read-json.js:316:48
8 error     at evalmachine.<anonymous>:207:20
8 error     at OpenReq.Req.done (C:\Program Files\nodejs\node_modules\npm\node_modules\graceful-fs\graceful-fs.js:141:5)
8 error     at OpenReq.done (C:\Program Files\nodejs\node_modules\npm\node_modules\graceful-fs\graceful-fs.js:61:22)
9 error If you need help, you may report this *entire* log,
9 error including the npm and node versions, at:
9 error     <http://github.com/npm/npm/issues>
10 error System Windows_NT 6.1.7601
11 error command "C:\\Program Files\\nodejs\\\\node.exe" "C:\\Program Files\\nodejs\\node_modules\\npm\\bin\\npm-cli.js" "init"
12 error cwd C:\Users\Marketing-2\Dropbox\PROJECT\nodeproject\contactlistapp
13 error node -v v0.10.32
14 error npm -v 1.4.28
15 verbose exit [ 1, true ]
